==22672== Memcheck, a memory error detector
==22672== Copyright (C) 2002-2010, and GNU GPL'd, by Julian Seward et al.
==22672== Using Valgrind-3.6.0 and LibVEX; rerun with -h for copyright info
==22672== Command: ./skiplist 100000
==22672== Parent PID: 5398
==22672== 
--22672-- 
--22672-- Valgrind options:
--22672--    -v
--22672--    --log-file=sl.log
--22672--    --leak-check=full
--22672--    --show-reachable=yes
--22672-- Contents of /proc/version:
--22672--   Linux version 2.6.32-220.el6.i686 (mockbuild@c6b18n3.bsys.dev.centos.org) (gcc version 4.4.6 20110731 (Red Hat 4.4.6-3) (GCC) ) #1 SMP Tue Dec 6 16:15:40 GMT 2011
--22672-- Arch and hwcaps: X86, x86-sse1-sse2
--22672-- Page sizes: currently 4096, max supported 4096
--22672-- Valgrind library directory: /usr/lib/valgrind
--22672-- Reading syms from /lib/ld-2.12.so (0x8c3000)
--22672-- Reading syms from /media/projects/works/github/coutune/skiplist/skiplist (0x8048000)
--22672-- Reading syms from /usr/lib/valgrind/memcheck-x86-linux (0x38000000)
--22672--    object doesn't have a dynamic symbol table
--22672-- Reading suppressions file: /usr/lib/valgrind/default.supp
--22672-- REDIR: 0x8da710 (index) redirected to 0x38040993 (vgPlain_x86_linux_REDIR_FOR_index)
--22672-- Reading syms from /usr/lib/valgrind/vgpreload_core-x86-linux.so (0x4001000)
--22672-- Reading syms from /usr/lib/valgrind/vgpreload_memcheck-x86-linux.so (0x4003000)
==22672== WARNING: new redirection conflicts with existing -- ignoring it
--22672--     new: 0x008da710 (index               ) R-> 0x04007b20 index
--22672-- REDIR: 0x8da8d0 (strlen) redirected to 0x4007f60 (strlen)
--22672-- Reading syms from /lib/libc-2.12.so (0x8e9000)
--22672-- REDIR: 0x960580 (rindex) redirected to 0x40079d0 (rindex)
--22672-- REDIR: 0x95b870 (malloc) redirected to 0x4006770 (malloc)
--22672-- REDIR: 0x9613d0 (memset) redirected to 0x4001420 (_vgnU_ifunc_wrapper)
--22672-- REDIR: 0xa15210 (__memset_sse2) redirected to 0x4009660 (memset)
--22672-- REDIR: 0x962dd0 (strchrnul) redirected to 0x4009760 (strchrnul)
--22672-- REDIR: 0x960180 (strlen) redirected to 0x4001420 (_vgnU_ifunc_wrapper)
--22672-- REDIR: 0x967280 (__strlen_sse2_bsf) redirected to 0x4007f20 (strlen)
--22672-- REDIR: 0x960410 (strncpy) redirected to 0x4008180 (strncpy)
--22672-- REDIR: 0x960fe0 (bcmp) redirected to 0x4001420 (_vgnU_ifunc_wrapper)
--22672-- REDIR: 0xa21480 (__memcmp_ssse3) redirected to 0x40091e0 (bcmp)
--22672-- REDIR: 0x9601d0 (__GI_strlen) redirected to 0x4007f40 (__GI_strlen)
--22672-- REDIR: 0x95c440 (free) redirected to 0x4006150 (free)
==22672== 
==22672== HEAP SUMMARY:
==22672==     in use at exit: 0 bytes in 0 blocks
==22672==   total heap usage: 400,002 allocs, 400,002 frees, 5,300,790 bytes allocated
==22672== 
==22672== All heap blocks were freed -- no leaks are possible
==22672== 
==22672== ERROR SUMMARY: 0 errors from 0 contexts (suppressed: 12 from 8)
--22672-- 
--22672-- used_suppression:     12 U1004-ARM-_dl_relocate_object
==22672== 
==22672== ERROR SUMMARY: 0 errors from 0 contexts (suppressed: 12 from 8)
