==11344== Memcheck, a memory error detector
==11344== Copyright (C) 2002-2011, and GNU GPL'd, by Julian Seward et al.
==11344== Using Valgrind-3.7.0 and LibVEX; rerun with -h for copyright info
==11344== Command: ./mt 2 1.sst
==11344== Parent PID: 10499
==11344== 
--11344-- 
--11344-- Valgrind options:
--11344--    --suppressions=/usr/lib/valgrind/debian-libc6-dbg.supp
--11344--    -v
--11344--    --log-file=v.log
--11344--    --leak-check=full
--11344--    --show-reachable=yes
--11344-- Contents of /proc/version:
--11344--   Linux version 3.2.0-23-generic-pae (buildd@palmer) (gcc version 4.6.3 (Ubuntu/Linaro 4.6.3-1ubuntu4) ) #36-Ubuntu SMP Tue Apr 10 22:19:09 UTC 2012
--11344-- Arch and hwcaps: X86, x86-sse1-sse2
--11344-- Page sizes: currently 4096, max supported 4096
--11344-- Valgrind library directory: /usr/lib/valgrind
--11344-- Reading syms from /lib/i386-linux-gnu/ld-2.15.so (0x4000000)
--11344--   Considering /lib/i386-linux-gnu/ld-2.15.so ..
--11344--   .. CRC mismatch (computed 405891ab wanted 9a1d2f37)
--11344--   Considering /usr/lib/debug/lib/i386-linux-gnu/ld-2.15.so ..
--11344--   .. CRC is valid
--11344-- Reading syms from /media/master/work/github/lotusDB/mt (0x8048000)
--11344-- Reading syms from /usr/lib/valgrind/memcheck-x86-linux (0x38000000)
--11344--   Considering /usr/lib/valgrind/memcheck-x86-linux ..
--11344--   .. CRC mismatch (computed 169814b3 wanted aeba1395)
--11344--    object doesn't have a symbol table
--11344--    object doesn't have a dynamic symbol table
--11344-- Reading suppressions file: /usr/lib/valgrind/debian-libc6-dbg.supp
--11344-- Reading suppressions file: /usr/lib/valgrind/default.supp
==11344== embedded gdbserver: reading from /tmp/vgdb-pipe-from-vgdb-to-11344-by-ypfangdong-on-???
==11344== embedded gdbserver: writing to   /tmp/vgdb-pipe-to-vgdb-from-11344-by-ypfangdong-on-???
==11344== embedded gdbserver: shared mem   /tmp/vgdb-pipe-shared-mem-vgdb-11344-by-ypfangdong-on-???
==11344== 
==11344== TO CONTROL THIS PROCESS USING vgdb (which you probably
==11344== don't want to do, unless you know exactly what you're doing,
==11344== or are doing some strange experiment):
==11344==   /usr/lib/valgrind/../../bin/vgdb --pid=11344 ...command...
==11344== 
==11344== TO DEBUG THIS PROCESS USING GDB: start GDB like this
==11344==   /path/to/gdb ./mt
==11344== and then give GDB the following command
==11344==   target remote | /usr/lib/valgrind/../../bin/vgdb --pid=11344
==11344== --pid is optional if only one valgrind process is running
==11344== 
--11344-- REDIR: 0x40182d0 (strlen) redirected to 0x38056b04 (???)
--11344-- REDIR: 0x4018050 (index) redirected to 0x38056adf (???)
--11344-- Reading syms from /usr/lib/valgrind/vgpreload_core-x86-linux.so (0x4025000)
--11344--   Considering /usr/lib/valgrind/vgpreload_core-x86-linux.so ..
--11344--   .. CRC mismatch (computed 79fe1296 wanted 94e37e32)
--11344--    object doesn't have a symbol table
--11344-- Reading syms from /usr/lib/valgrind/vgpreload_memcheck-x86-linux.so (0x4028000)
--11344--   Considering /usr/lib/valgrind/vgpreload_memcheck-x86-linux.so ..
--11344--   .. CRC mismatch (computed 85cd0163 wanted d1841711)
--11344--    object doesn't have a symbol table
--11344-- Reading syms from /lib/i386-linux-gnu/libm-2.15.so (0x4047000)
--11344--   Considering /lib/i386-linux-gnu/libm-2.15.so ..
--11344--   .. CRC mismatch (computed 25837ae1 wanted 16cba2b6)
--11344--   Considering /usr/lib/debug/lib/i386-linux-gnu/libm-2.15.so ..
--11344--   .. CRC is valid
--11344-- Reading syms from /lib/i386-linux-gnu/libc-2.15.so (0x4073000)
--11344--   Considering /lib/i386-linux-gnu/libc-2.15.so ..
--11344--   .. CRC mismatch (computed 232c48e6 wanted b35206fd)
--11344--   Considering /usr/lib/debug/lib/i386-linux-gnu/libc-2.15.so ..
--11344--   .. CRC is valid
--11344-- REDIR: 0x40eeed0 (strnlen) redirected to 0x40254a0 (_vgnU_ifunc_wrapper)
--11344-- REDIR: 0x40f0420 (strncasecmp) redirected to 0x40254a0 (_vgnU_ifunc_wrapper)
--11344-- REDIR: 0x40ef070 (__GI_strrchr) redirected to 0x402c1b0 (__GI_strrchr)
--11344-- REDIR: 0x40ebc90 (calloc) redirected to 0x402a540 (calloc)
--11344-- REDIR: 0x40f1740 (strchrnul) redirected to 0x402ebe0 (strchrnul)
--11344-- REDIR: 0x40eb1b0 (free) redirected to 0x402b000 (free)
--11344-- REDIR: 0x40f05b0 (memcpy) redirected to 0x40254a0 (_vgnU_ifunc_wrapper)
--11344-- REDIR: 0x41a4280 (__memcpy_ssse3) redirected to 0x402d930 (memcpy)
--11344-- REDIR: 0x40eacd0 (malloc) redirected to 0x402be00 (malloc)
--11344-- REDIR: 0x40efb00 (bcmp) redirected to 0x40254a0 (_vgnU_ifunc_wrapper)
--11344-- REDIR: 0x41b5760 (__memcmp_ssse3) redirected to 0x402e460 (bcmp)
--11344-- REDIR: 0x40efe30 (memmove) redirected to 0x40254a0 (_vgnU_ifunc_wrapper)
--11344-- REDIR: 0x41a6b80 (__memmove_ssse3) redirected to 0x402e910 (memmove)
==11344== 
==11344== HEAP SUMMARY:
==11344==     in use at exit: 0 bytes in 0 blocks
==11344==   total heap usage: 65 allocs, 65 frees, 32,046 bytes allocated
==11344== 
==11344== All heap blocks were freed -- no leaks are possible
==11344== 
==11344== ERROR SUMMARY: 0 errors from 0 contexts (suppressed: 0 from 0)
==11344== ERROR SUMMARY: 0 errors from 0 contexts (suppressed: 0 from 0)
